<?xml version="1.0" encoding="UTF-8"?>
<coverage generated="1744336434171" clover="3.2.0">
  <project timestamp="1744336434171" name="All files">
    <metrics statements="35" coveredstatements="35" conditionals="12" coveredconditionals="12" methods="4" coveredmethods="4" elements="51" coveredelements="51" complexity="0" loc="35" ncloc="35" packages="1" files="1" classes="1"/>
    <file name="index.ts" path="/Volumes/EXTSG1TB/git/cnpj-alfa-validator/src/index.ts">
      <metrics statements="35" coveredstatements="35" conditionals="12" coveredconditionals="12" methods="4" coveredmethods="4"/>
      <line num="1" count="1" type="stmt"/>
      <line num="3" count="1" type="stmt"/>
      <line num="4" count="1" type="stmt"/>
      <line num="5" count="1" type="stmt"/>
      <line num="6" count="1" type="stmt"/>
      <line num="7" count="1" type="stmt"/>
      <line num="8" count="1" type="stmt"/>
      <line num="9" count="1" type="stmt"/>
      <line num="10" count="1" type="stmt"/>
      <line num="12" count="1" type="stmt"/>
      <line num="13" count="27" type="cond" truecount="1" falsecount="0"/>
      <line num="14" count="23" type="stmt"/>
      <line num="15" count="23" type="cond" truecount="3" falsecount="0"/>
      <line num="16" count="15" type="stmt"/>
      <line num="17" count="15" type="stmt"/>
      <line num="18" count="15" type="stmt"/>
      <line num="21" count="12" type="stmt"/>
      <line num="24" count="1" type="stmt"/>
      <line num="25" count="25" type="cond" truecount="1" falsecount="0"/>
      <line num="26" count="21" type="stmt"/>
      <line num="27" count="21" type="cond" truecount="3" falsecount="0"/>
      <line num="28" count="17" type="stmt"/>
      <line num="29" count="17" type="stmt"/>
      <line num="30" count="17" type="stmt"/>
      <line num="31" count="204" type="stmt"/>
      <line num="32" count="204" type="stmt"/>
      <line num="33" count="204" type="stmt"/>
      <line num="35" count="17" type="cond" truecount="2" falsecount="0"/>
      <line num="36" count="17" type="stmt"/>
      <line num="37" count="17" type="cond" truecount="2" falsecount="0"/>
      <line num="38" count="17" type="stmt"/>
      <line num="41" count="8" type="stmt"/>
      <line num="44" count="1" type="stmt"/>
      <line num="45" count="44" type="stmt"/>
      <line num="48" count="1" type="stmt"/>
    </file>
  </project>
</coverage>
