{"/Volumes/EXTSG1TB/git/cnpj-alfa-validator/src/index.ts": {"path":"/Volumes/EXTSG1TB/git/cnpj-alfa-validator/src/index.ts","statementMap":{"0":{"start":{"line":1,"column":0},"end":{"line":1,"column":13}},"1":{"start":{"line":12,"column":9},"end":{"line":22,"column":null}},"2":{"start":{"line":13,"column":4},"end":{"line":20,"column":null}},"3":{"start":{"line":14,"column":27},"end":{"line":14,"column":55}},"4":{"start":{"line":15,"column":6},"end":{"line":19,"column":null}},"5":{"start":{"line":16,"column":28},"end":{"line":16,"column":75}},"6":{"start":{"line":17,"column":28},"end":{"line":17,"column":94}},"7":{"start":{"line":18,"column":8},"end":{"line":18,"column":43}},"8":{"start":{"line":21,"column":4},"end":{"line":21,"column":17}},"9":{"start":{"line":24,"column":9},"end":{"line":42,"column":null}},"10":{"start":{"line":25,"column":4},"end":{"line":40,"column":null}},"11":{"start":{"line":26,"column":27},"end":{"line":26,"column":55}},"12":{"start":{"line":27,"column":6},"end":{"line":39,"column":null}},"13":{"start":{"line":28,"column":27},"end":{"line":28,"column":28}},"14":{"start":{"line":29,"column":27},"end":{"line":29,"column":28}},"15":{"start":{"line":30,"column":8},"end":{"line":34,"column":null}},"16":{"start":{"line":30,"column":21},"end":{"line":30,"column":22}},"17":{"start":{"line":31,"column":30},"end":{"line":31,"column":75}},"18":{"start":{"line":32,"column":10},"end":{"line":32,"column":60}},"19":{"start":{"line":33,"column":10},"end":{"line":33,"column":56}},"20":{"start":{"line":35,"column":20},"end":{"line":35,"column":72}},"21":{"start":{"line":36,"column":8},"end":{"line":36,"column":66}},"22":{"start":{"line":37,"column":20},"end":{"line":37,"column":72}},"23":{"start":{"line":38,"column":8},"end":{"line":38,"column":30}},"24":{"start":{"line":41,"column":4},"end":{"line":41,"column":85}},"25":{"start":{"line":44,"column":17},"end":{"line":46,"column":null}},"26":{"start":{"line":45,"column":6},"end":{"line":45,"column":59}},"27":{"start":{"line":3,"column":26},"end":{"line":3,"column":56}},"28":{"start":{"line":4,"column":26},"end":{"line":4,"column":69}},"29":{"start":{"line":5,"column":26},"end":{"line":5,"column":71}},"30":{"start":{"line":6,"column":26},"end":{"line":6,"column":68}},"31":{"start":{"line":7,"column":26},"end":{"line":7,"column":80}},"32":{"start":{"line":8,"column":26},"end":{"line":8,"column":64}},"33":{"start":{"line":9,"column":26},"end":{"line":9,"column":86}},"34":{"start":{"line":10,"column":26},"end":{"line":10,"column":64}},"35":{"start":{"line":48,"column":0},"end":{"line":48,"column":null}},"36":{"start":{"line":1,"column":13},"end":{"line":1,"column":17}}},"fnMap":{"0":{"name":"(anonymous_0)","decl":{"start":{"line":1,"column":0},"end":{"line":1,"column":13}},"loc":{"start":{"line":1,"column":0},"end":{"line":1,"column":13}}},"1":{"name":"(anonymous_2)","decl":{"start":{"line":12,"column":2},"end":{"line":12,"column":9}},"loc":{"start":{"line":12,"column":29},"end":{"line":22,"column":3}}},"2":{"name":"(anonymous_3)","decl":{"start":{"line":24,"column":2},"end":{"line":24,"column":9}},"loc":{"start":{"line":24,"column":31},"end":{"line":42,"column":3}}},"3":{"name":"(anonymous_4)","decl":{"start":{"line":44,"column":2},"end":{"line":44,"column":17}},"loc":{"start":{"line":44,"column":47},"end":{"line":46,"column":3}}}},"branchMap":{"0":{"loc":{"start":{"line":13,"column":4},"end":{"line":20,"column":null}},"type":"if","locations":[{"start":{"line":13,"column":4},"end":{"line":20,"column":null}}]},"1":{"loc":{"start":{"line":15,"column":6},"end":{"line":19,"column":null}},"type":"if","locations":[{"start":{"line":15,"column":6},"end":{"line":19,"column":null}}]},"2":{"loc":{"start":{"line":15,"column":10},"end":{"line":15,"column":83}},"type":"binary-expr","locations":[{"start":{"line":15,"column":10},"end":{"line":15,"column":45}},{"start":{"line":15,"column":49},"end":{"line":15,"column":83}}]},"3":{"loc":{"start":{"line":25,"column":4},"end":{"line":40,"column":null}},"type":"if","locations":[{"start":{"line":25,"column":4},"end":{"line":40,"column":null}}]},"4":{"loc":{"start":{"line":27,"column":6},"end":{"line":39,"column":null}},"type":"if","locations":[{"start":{"line":27,"column":6},"end":{"line":39,"column":null}}]},"5":{"loc":{"start":{"line":27,"column":10},"end":{"line":27,"column":124}},"type":"binary-expr","locations":[{"start":{"line":27,"column":10},"end":{"line":27,"column":50}},{"start":{"line":27,"column":54},"end":{"line":27,"column":124}}]},"6":{"loc":{"start":{"line":35,"column":20},"end":{"line":35,"column":72}},"type":"cond-expr","locations":[{"start":{"line":35,"column":44},"end":{"line":35,"column":45}},{"start":{"line":35,"column":48},"end":{"line":35,"column":72}}]},"7":{"loc":{"start":{"line":37,"column":20},"end":{"line":37,"column":72}},"type":"cond-expr","locations":[{"start":{"line":37,"column":44},"end":{"line":37,"column":45}},{"start":{"line":37,"column":48},"end":{"line":37,"column":72}}]}},"s":{"0":1,"1":1,"2":27,"3":23,"4":23,"5":15,"6":15,"7":15,"8":12,"9":1,"10":25,"11":21,"12":21,"13":17,"14":17,"15":17,"16":17,"17":204,"18":204,"19":204,"20":17,"21":17,"22":17,"23":17,"24":8,"25":1,"26":44,"27":1,"28":1,"29":1,"30":1,"31":1,"32":1,"33":1,"34":1,"35":1,"36":1},"f":{"0":1,"1":27,"2":25,"3":44},"b":{"0":[23],"1":[15],"2":[23,17],"3":[21],"4":[17],"5":[21,17],"6":[3,14],"7":[4,13]}}
}
