TN:
SF:src/index.ts
FN:1,(anonymous_0)
FN:12,(anonymous_2)
FN:24,(anonymous_3)
FN:44,(anonymous_4)
FNF:4
FNH:4
FNDA:1,(anonymous_0)
FNDA:27,(anonymous_2)
FNDA:25,(anonymous_3)
FNDA:44,(anonymous_4)
DA:1,1
DA:3,1
DA:4,1
DA:5,1
DA:6,1
DA:7,1
DA:8,1
DA:9,1
DA:10,1
DA:12,1
DA:13,27
DA:14,23
DA:15,23
DA:16,15
DA:17,15
DA:18,15
DA:21,12
DA:24,1
DA:25,25
DA:26,21
DA:27,21
DA:28,17
DA:29,17
DA:30,17
DA:31,204
DA:32,204
DA:33,204
DA:35,17
DA:36,17
DA:37,17
DA:38,17
DA:41,8
DA:44,1
DA:45,44
DA:48,1
LF:35
LH:35
BRDA:13,0,0,23
BRDA:15,1,0,15
BRDA:15,2,0,23
BRDA:15,2,1,17
BRDA:25,3,0,21
BRDA:27,4,0,17
BRDA:27,5,0,21
BRDA:27,5,1,17
BRDA:35,6,0,3
BRDA:35,6,1,14
BRDA:37,7,0,4
BRDA:37,7,1,13
BRF:12
BRH:12
end_of_record
